<?xml version="1.0" encoding="UTF-8"?>
<!-- Generated by org.testng.reporters.JUnitReportReporter -->
<testsuite hostname="LAPTOP-A4I74VVH" failures="0" tests="1" name="dummy.ExtractEmployeeList" time="1.410" errors="0" timestamp="2024-05-11T17:04:51 IST" skipped="0">
  <testcase classname="dummy.ExtractEmployeeList" name="matchJson" time="1.410"/>
</testsuite> <!-- dummy.ExtractEmployeeList -->
