<?xml version="1.0" encoding="UTF-8"?>
<!-- Generated by org.testng.reporters.JUnitReportReporter -->
<testsuite hostname="LAPTOP-A4I74VVH" failures="0" tests="4" name="api.test.UserTests" time="7.338" errors="0" timestamp="2023-09-06T13:05:22 IST" skipped="0">
  <testcase classname="api.test.UserTests" name="testPostUser" time="3.546"/>
  <testcase classname="api.test.UserTests" name="testGetUserByName" time="1.301"/>
  <testcase classname="api.test.UserTests" name="testUpdateUserByName" time="1.264"/>
  <testcase classname="api.test.UserTests" name="testDeleteUserByName" time="1.227"/>
</testsuite> <!-- api.test.UserTests -->
