<?xml version="1.0" encoding="UTF-8"?>
<!-- Generated by org.testng.reporters.JUnitReportReporter -->
<testsuite hostname="LAPTOP-A4I74VVH" failures="0" tests="4" name="api.test.UserTests2" time="7.866" errors="0" timestamp="2024-05-05T20:30:57 IST" skipped="0">
  <testcase classname="api.test.UserTests2" name="testPostUser" time="3.368"/>
  <testcase classname="api.test.UserTests2" name="testGetUserByName" time="1.436"/>
  <testcase classname="api.test.UserTests2" name="testUpdateUserByName" time="1.528"/>
  <testcase classname="api.test.UserTests2" name="testDeleteUserByName" time="1.534"/>
</testsuite> <!-- api.test.UserTests2 -->
