<?xml version="1.0" encoding="UTF-8"?>
<!-- Generated by org.testng.reporters.JUnitReportReporter -->
<testsuite hostname="LAPTOP-A4I74VVH" failures="0" tests="4" name="api.test.UserTests" time="6.459" errors="0" timestamp="2024-05-08T09:41:36 IST" skipped="0">
  <testcase classname="api.test.UserTests" name="testPostUser" time="2.634"/>
  <testcase classname="api.test.UserTests" name="testGetUserByName" time="1.318"/>
  <testcase classname="api.test.UserTests" name="testUpdateUserByName" time="1.189"/>
  <testcase classname="api.test.UserTests" name="testDeleteUserByName" time="1.318"/>
</testsuite> <!-- api.test.UserTests -->
