<?xml version="1.0" encoding="UTF-8"?>
<!-- Generated by org.testng.reporters.JUnitReportReporter -->
<testsuite hostname="LAPTOP-A4I74VVH" failures="0" tests="1" name="api.test.newendpointtest" time="2.567" errors="0" timestamp="2024-05-14T11:19:41 IST" skipped="0">
  <testcase classname="api.test.newendpointtest" name="postRequest" time="2.567"/>
</testsuite> <!-- api.test.newendpointtest -->
