<?xml version="1.0" encoding="UTF-8"?>
<!-- Generated by org.testng.reporters.JUnitReportReporter -->
<testsuite hostname="LAPTOP-A4I74VVH" failures="0" tests="3" name="api.test.DDTests" time="6.220" errors="0" timestamp="2024-05-07T17:28:36 IST" skipped="0">
  <testcase classname="api.test.DDTests" name="testPostUser" time="1.535"/>
  <testcase classname="api.test.DDTests" name="testPostUser" time="1.476"/>
  <testcase classname="api.test.DDTests" name="testPostUser" time="3.209"/>
</testsuite> <!-- api.test.DDTests -->
