<?xml version="1.0" encoding="UTF-8"?>
<!-- Generated by org.testng.reporters.JUnitReportReporter -->
<testsuite hostname="LAPTOP-A4I74VVH" failures="0" tests="6" name="api.test.DDTests" time="10.165" errors="0" timestamp="2023-08-30T14:19:34 IST" skipped="0">
  <testcase classname="api.test.DDTests" name="testPostUser" time="3.433"/>
  <testcase classname="api.test.DDTests" name="testPostUser" time="1.261"/>
  <testcase classname="api.test.DDTests" name="testPostUser" time="1.461"/>
  <testcase classname="api.test.DDTests" name="testDeleteUserByName" time="1.331"/>
  <testcase classname="api.test.DDTests" name="testDeleteUserByName" time="1.381"/>
  <testcase classname="api.test.DDTests" name="testDeleteUserByName" time="1.298"/>
</testsuite> <!-- api.test.DDTests -->
